<?xml version="1.0" encoding="UTF-8"?>
<coverage generated="1658281783012" clover="3.2.0">
  <project timestamp="1658281783012" name="All files">
    <metrics statements="41" coveredstatements="40" conditionals="12" coveredconditionals="11" methods="17" coveredmethods="15" elements="70" coveredelements="66" complexity="0" loc="41" ncloc="41" packages="4" files="4" classes="4"/>
    <package name="components.appointments">
      <metrics statements="0" coveredstatements="0" conditionals="0" coveredconditionals="0" methods="0" coveredmethods="0"/>
      <file name="types.ts" path="/home/fabiopos/Development/udemy/react-query/udemy-REACT-QUERY/base-lazy-days/client/src/components/appointments/types.ts">
        <metrics statements="0" coveredstatements="0" conditionals="0" coveredconditionals="0" methods="0" coveredmethods="0"/>
      </file>
    </package>
    <package name="components.appointments.hooks">
      <metrics statements="19" coveredstatements="18" conditionals="5" coveredconditionals="4" methods="8" coveredmethods="6"/>
      <file name="useAppointments.ts" path="/home/fabiopos/Development/udemy/react-query/udemy-REACT-QUERY/base-lazy-days/client/src/components/appointments/hooks/useAppointments.ts">
        <metrics statements="19" coveredstatements="18" conditionals="5" coveredconditionals="4" methods="8" coveredmethods="6"/>
        <line num="24" count="10" type="stmt"/>
        <line num="25" count="8" type="stmt"/>
        <line num="37" count="3" type="stmt"/>
        <line num="45" count="13" type="stmt"/>
        <line num="49" count="13" type="stmt"/>
        <line num="54" count="0" type="stmt"/>
        <line num="59" count="13" type="stmt"/>
        <line num="64" count="13" type="stmt"/>
        <line num="66" count="13" type="stmt"/>
        <line num="70" count="13" type="stmt"/>
        <line num="71" count="13" type="stmt"/>
        <line num="72" count="13" type="cond" truecount="1" falsecount="0"/>
        <line num="74" count="6" type="stmt"/>
        <line num="85" count="13" type="stmt"/>
        <line num="86" count="4" type="cond" truecount="1" falsecount="1"/>
        <line num="87" count="4" type="stmt"/>
        <line num="88" count="4" type="stmt"/>
        <line num="90" count="4" type="stmt"/>
        <line num="101" count="13" type="stmt"/>
      </file>
    </package>
    <package name="components.staff.hooks">
      <metrics statements="7" coveredstatements="7" conditionals="3" coveredconditionals="3" methods="3" coveredmethods="3"/>
      <file name="useStaff.ts" path="/home/fabiopos/Development/udemy/react-query/udemy-REACT-QUERY/base-lazy-days/client/src/components/staff/hooks/useStaff.ts">
        <metrics statements="7" coveredstatements="7" conditionals="3" coveredconditionals="3" methods="3" coveredmethods="3"/>
        <line num="11" count="3" type="stmt"/>
        <line num="12" count="2" type="stmt"/>
        <line num="23" count="8" type="stmt"/>
        <line num="24" count="8" type="stmt"/>
        <line num="25" count="8" type="stmt"/>
        <line num="28" count="8" type="cond" truecount="1" falsecount="0"/>
        <line num="32" count="8" type="stmt"/>
      </file>
    </package>
    <package name="test-utils">
      <metrics statements="15" coveredstatements="15" conditionals="4" coveredconditionals="4" methods="6" coveredmethods="6"/>
      <file name="index.tsx" path="/home/fabiopos/Development/udemy/react-query/udemy-REACT-QUERY/base-lazy-days/client/src/test-utils/index.tsx">
        <metrics statements="15" coveredstatements="15" conditionals="4" coveredconditionals="4" methods="6" coveredmethods="6"/>
        <line num="13" count="6" type="stmt"/>
        <line num="14" count="8" type="stmt"/>
        <line num="15" count="8" type="stmt"/>
        <line num="19" count="8" type="stmt"/>
        <line num="22" count="6" type="stmt"/>
        <line num="25" count="8" type="cond" truecount="2" falsecount="0"/>
        <line num="26" count="8" type="stmt"/>
        <line num="30" count="6" type="stmt"/>
        <line num="37" count="6" type="stmt"/>
        <line num="41" count="5" type="cond" truecount="2" falsecount="0"/>
        <line num="42" count="5" type="stmt"/>
        <line num="47" count="6" type="stmt"/>
        <line num="48" count="2" type="stmt"/>
        <line num="49" count="2" type="stmt"/>
        <line num="50" count="2" type="stmt"/>
      </file>
    </package>
  </project>
</coverage>
