{"/home/fabiopos/Development/udemy/react-query/udemy-REACT-QUERY/base-lazy-days/client/src/components/appointments/types.ts": {"path":"/home/fabiopos/Development/udemy/react-query/udemy-REACT-QUERY/base-lazy-days/client/src/components/appointments/types.ts","statementMap":{},"fnMap":{},"branchMap":{},"s":{},"f":{},"b":{}}
,"/home/fabiopos/Development/udemy/react-query/udemy-REACT-QUERY/base-lazy-days/client/src/components/appointments/hooks/useAppointments.ts": {"path":"/home/fabiopos/Development/udemy/react-query/udemy-REACT-QUERY/base-lazy-days/client/src/components/appointments/hooks/useAppointments.ts","statementMap":{"0":{"start":{"line":24,"column":19},"end":{"line":24,"column":76}},"1":{"start":{"line":25,"column":2},"end":{"line":25,"column":14}},"2":{"start":{"line":37,"column":22},"end":{"line":40,"column":1}},"3":{"start":{"line":45,"column":27},"end":{"line":45,"column":55}},"4":{"start":{"line":49,"column":36},"end":{"line":49,"column":62}},"5":{"start":{"line":54,"column":4},"end":{"line":54,"column":74}},"6":{"start":{"line":54,"column":31},"end":{"line":54,"column":72}},"7":{"start":{"line":59,"column":32},"end":{"line":59,"column":47}},"8":{"start":{"line":64,"column":19},"end":{"line":64,"column":28}},"9":{"start":{"line":66,"column":19},"end":{"line":68,"column":4}},"10":{"start":{"line":66,"column":41},"end":{"line":66,"column":77}},"11":{"start":{"line":70,"column":22},"end":{"line":70,"column":38}},"12":{"start":{"line":71,"column":19},"end":{"line":71,"column":21}},"13":{"start":{"line":72,"column":44},"end":{"line":83,"column":3}},"14":{"start":{"line":74,"column":10},"end":{"line":74,"column":58}},"15":{"start":{"line":85,"column":2},"end":{"line":97,"column":24}},"16":{"start":{"line":86,"column":4},"end":{"line":95,"column":5}},"17":{"start":{"line":87,"column":24},"end":{"line":87,"column":53}},"18":{"start":{"line":88,"column":6},"end":{"line":94,"column":8}},"19":{"start":{"line":90,"column":14},"end":{"line":90,"column":62}},"20":{"start":{"line":101,"column":2},"end":{"line":101,"column":75}}},"fnMap":{"0":{"name":"getAppointments","decl":{"start":{"line":20,"column":15},"end":{"line":20,"column":30}},"loc":{"start":{"line":23,"column":31},"end":{"line":26,"column":1}},"line":23},"1":{"name":"useAppointments","decl":{"start":{"line":42,"column":16},"end":{"line":42,"column":31}},"loc":{"start":{"line":42,"column":51},"end":{"line":102,"column":1}},"line":42},"2":{"name":"updateMonthYear","decl":{"start":{"line":53,"column":11},"end":{"line":53,"column":26}},"loc":{"start":{"line":53,"column":57},"end":{"line":55,"column":3}},"line":53},"3":{"name":"(anonymous_3)","decl":{"start":{"line":54,"column":17},"end":{"line":54,"column":18}},"loc":{"start":{"line":54,"column":31},"end":{"line":54,"column":72}},"line":54},"4":{"name":"(anonymous_4)","decl":{"start":{"line":66,"column":31},"end":{"line":66,"column":32}},"loc":{"start":{"line":66,"column":41},"end":{"line":66,"column":77}},"line":66},"5":{"name":"(anonymous_5)","decl":{"start":{"line":74,"column":4},"end":{"line":74,"column":5}},"loc":{"start":{"line":74,"column":10},"end":{"line":74,"column":58}},"line":74},"6":{"name":"(anonymous_6)","decl":{"start":{"line":85,"column":12},"end":{"line":85,"column":13}},"loc":{"start":{"line":85,"column":18},"end":{"line":97,"column":3}},"line":85},"7":{"name":"(anonymous_7)","decl":{"start":{"line":90,"column":8},"end":{"line":90,"column":9}},"loc":{"start":{"line":90,"column":14},"end":{"line":90,"column":62}},"line":90}},"branchMap":{"0":{"loc":{"start":{"line":72,"column":16},"end":{"line":72,"column":39}},"type":"default-arg","locations":[{"start":{"line":72,"column":31},"end":{"line":72,"column":39}}],"line":72},"1":{"loc":{"start":{"line":76,"column":14},"end":{"line":76,"column":44}},"type":"cond-expr","locations":[{"start":{"line":76,"column":24},"end":{"line":76,"column":33}},{"start":{"line":76,"column":36},"end":{"line":76,"column":44}}],"line":76},"2":{"loc":{"start":{"line":86,"column":4},"end":{"line":95,"column":5}},"type":"if","locations":[{"start":{"line":86,"column":4},"end":{"line":95,"column":5}},{"start":{"line":86,"column":4},"end":{"line":95,"column":5}}],"line":86}},"s":{"0":10,"1":8,"2":3,"3":13,"4":13,"5":0,"6":0,"7":13,"8":13,"9":13,"10":3,"11":13,"12":13,"13":13,"14":6,"15":13,"16":4,"17":4,"18":4,"19":4,"20":13},"f":{"0":10,"1":13,"2":0,"3":0,"4":3,"5":6,"6":4,"7":4},"b":{"0":[5],"1":[1,12],"2":[4,0]},"_coverageSchema":"1a1c01bbd47fc00a2c39e90264f33305004495a9","hash":"a580d00534c6836ad779d4485eec44ae7e24adde"}
,"/home/fabiopos/Development/udemy/react-query/udemy-REACT-QUERY/base-lazy-days/client/src/components/staff/hooks/useStaff.ts": {"path":"/home/fabiopos/Development/udemy/react-query/udemy-REACT-QUERY/base-lazy-days/client/src/components/staff/hooks/useStaff.ts","statementMap":{"0":{"start":{"line":11,"column":19},"end":{"line":11,"column":52}},"1":{"start":{"line":12,"column":2},"end":{"line":12,"column":14}},"2":{"start":{"line":23,"column":30},"end":{"line":23,"column":45}},"3":{"start":{"line":24,"column":19},"end":{"line":24,"column":21}},"4":{"start":{"line":25,"column":19},"end":{"line":27,"column":4}},"5":{"start":{"line":25,"column":41},"end":{"line":25,"column":72}},"6":{"start":{"line":28,"column":37},"end":{"line":30,"column":4}},"7":{"start":{"line":32,"column":2},"end":{"line":32,"column":38}}},"fnMap":{"0":{"name":"getStaff","decl":{"start":{"line":10,"column":15},"end":{"line":10,"column":23}},"loc":{"start":{"line":10,"column":44},"end":{"line":13,"column":1}},"line":10},"1":{"name":"useStaff","decl":{"start":{"line":21,"column":16},"end":{"line":21,"column":24}},"loc":{"start":{"line":21,"column":37},"end":{"line":33,"column":1}},"line":21},"2":{"name":"(anonymous_2)","decl":{"start":{"line":25,"column":31},"end":{"line":25,"column":32}},"loc":{"start":{"line":25,"column":41},"end":{"line":25,"column":72}},"line":25}},"branchMap":{"0":{"loc":{"start":{"line":28,"column":16},"end":{"line":28,"column":32}},"type":"default-arg","locations":[{"start":{"line":28,"column":24},"end":{"line":28,"column":32}}],"line":28},"1":{"loc":{"start":{"line":29,"column":12},"end":{"line":29,"column":51}},"type":"cond-expr","locations":[{"start":{"line":29,"column":31},"end":{"line":29,"column":40}},{"start":{"line":29,"column":43},"end":{"line":29,"column":51}}],"line":29}},"s":{"0":3,"1":2,"2":8,"3":8,"4":8,"5":1,"6":8,"7":8},"f":{"0":3,"1":8,"2":1},"b":{"0":[4],"1":[7,1]},"_coverageSchema":"1a1c01bbd47fc00a2c39e90264f33305004495a9","hash":"858ae1a426293bac2ee966ee6108392e8500a79e"}
,"/home/fabiopos/Development/udemy/react-query/udemy-REACT-QUERY/base-lazy-days/client/src/test-utils/index.tsx": {"path":"/home/fabiopos/Development/udemy/react-query/udemy-REACT-QUERY/base-lazy-days/client/src/test-utils/index.tsx","statementMap":{"0":{"start":{"line":13,"column":33},"end":{"line":20,"column":1}},"1":{"start":{"line":14,"column":51},"end":{"line":14,"column":76}},"2":{"start":{"line":15,"column":25},"end":{"line":18,"column":3}},"3":{"start":{"line":19,"column":2},"end":{"line":19,"column":37}},"4":{"start":{"line":22,"column":39},"end":{"line":27,"column":1}},"5":{"start":{"line":25,"column":18},"end":{"line":25,"column":52}},"6":{"start":{"line":26,"column":2},"end":{"line":26,"column":34}},"7":{"start":{"line":30,"column":0},"end":{"line":36,"column":3}},"8":{"start":{"line":37,"column":37},"end":{"line":45,"column":1}},"9":{"start":{"line":41,"column":22},"end":{"line":41,"column":57}},"10":{"start":{"line":42,"column":2},"end":{"line":44,"column":4}},"11":{"start":{"line":47,"column":40},"end":{"line":52,"column":1}},"12":{"start":{"line":48,"column":22},"end":{"line":48,"column":47}},"13":{"start":{"line":49,"column":2},"end":{"line":51,"column":4}},"14":{"start":{"line":50,"column":4},"end":{"line":50,"column":78}}},"fnMap":{"0":{"name":"(anonymous_0)","decl":{"start":{"line":13,"column":33},"end":{"line":13,"column":34}},"loc":{"start":{"line":13,"column":58},"end":{"line":20,"column":1}},"line":13},"1":{"name":"(anonymous_1)","decl":{"start":{"line":22,"column":39},"end":{"line":22,"column":40}},"loc":{"start":{"line":24,"column":18},"end":{"line":27,"column":1}},"line":24},"2":{"name":"(anonymous_2)","decl":{"start":{"line":33,"column":9},"end":{"line":33,"column":10}},"loc":{"start":{"line":33,"column":15},"end":{"line":35,"column":3}},"line":33},"3":{"name":"(anonymous_3)","decl":{"start":{"line":37,"column":37},"end":{"line":37,"column":38}},"loc":{"start":{"line":40,"column":19},"end":{"line":45,"column":1}},"line":40},"4":{"name":"(anonymous_4)","decl":{"start":{"line":47,"column":40},"end":{"line":47,"column":41}},"loc":{"start":{"line":47,"column":56},"end":{"line":52,"column":1}},"line":47},"5":{"name":"(anonymous_5)","decl":{"start":{"line":49,"column":9},"end":{"line":49,"column":10}},"loc":{"start":{"line":50,"column":4},"end":{"line":50,"column":78}},"line":50}},"branchMap":{"0":{"loc":{"start":{"line":25,"column":18},"end":{"line":25,"column":52}},"type":"binary-expr","locations":[{"start":{"line":25,"column":18},"end":{"line":25,"column":29}},{"start":{"line":25,"column":33},"end":{"line":25,"column":52}}],"line":25},"1":{"loc":{"start":{"line":41,"column":22},"end":{"line":41,"column":57}},"type":"binary-expr","locations":[{"start":{"line":41,"column":22},"end":{"line":41,"column":28}},{"start":{"line":41,"column":32},"end":{"line":41,"column":57}}],"line":41}},"s":{"0":6,"1":8,"2":8,"3":8,"4":6,"5":8,"6":8,"7":6,"8":6,"9":5,"10":5,"11":6,"12":2,"13":2,"14":2},"f":{"0":8,"1":8,"2":2,"3":5,"4":2,"5":2},"b":{"0":[8,7],"1":[5,5]},"_coverageSchema":"1a1c01bbd47fc00a2c39e90264f33305004495a9","hash":"864123e7be82f014ec75fe31b36c6fccd3bdc78a"}
}
