TN:
SF:src/components/appointments/types.ts
FNF:0
FNH:0
LF:0
LH:0
BRF:0
BRH:0
end_of_record
TN:
SF:src/components/appointments/hooks/useAppointments.ts
FN:20,getAppointments
FN:42,useAppointments
FN:53,updateMonthYear
FN:54,(anonymous_3)
FN:66,(anonymous_4)
FN:74,(anonymous_5)
FN:85,(anonymous_6)
FN:90,(anonymous_7)
FNF:8
FNH:6
FNDA:10,getAppointments
FNDA:13,useAppointments
FNDA:0,updateMonthYear
FNDA:0,(anonymous_3)
FNDA:3,(anonymous_4)
FNDA:6,(anonymous_5)
FNDA:4,(anonymous_6)
FNDA:4,(anonymous_7)
DA:24,10
DA:25,8
DA:37,3
DA:45,13
DA:49,13
DA:54,0
DA:59,13
DA:64,13
DA:66,13
DA:70,13
DA:71,13
DA:72,13
DA:74,6
DA:85,13
DA:86,4
DA:87,4
DA:88,4
DA:90,4
DA:101,13
LF:19
LH:18
BRDA:72,0,0,5
BRDA:76,1,0,1
BRDA:76,1,1,12
BRDA:86,2,0,4
BRDA:86,2,1,0
BRF:5
BRH:4
end_of_record
TN:
SF:src/components/staff/hooks/useStaff.ts
FN:10,getStaff
FN:21,useStaff
FN:25,(anonymous_2)
FNF:3
FNH:3
FNDA:3,getStaff
FNDA:8,useStaff
FNDA:1,(anonymous_2)
DA:11,3
DA:12,2
DA:23,8
DA:24,8
DA:25,8
DA:28,8
DA:32,8
LF:7
LH:7
BRDA:28,0,0,4
BRDA:29,1,0,7
BRDA:29,1,1,1
BRF:3
BRH:3
end_of_record
TN:
SF:src/test-utils/index.tsx
FN:13,(anonymous_0)
FN:22,(anonymous_1)
FN:33,(anonymous_2)
FN:37,(anonymous_3)
FN:47,(anonymous_4)
FN:49,(anonymous_5)
FNF:6
FNH:6
FNDA:8,(anonymous_0)
FNDA:8,(anonymous_1)
FNDA:2,(anonymous_2)
FNDA:5,(anonymous_3)
FNDA:2,(anonymous_4)
FNDA:2,(anonymous_5)
DA:13,6
DA:14,8
DA:15,8
DA:19,8
DA:22,6
DA:25,8
DA:26,8
DA:30,6
DA:37,6
DA:41,5
DA:42,5
DA:47,6
DA:48,2
DA:49,2
DA:50,2
LF:15
LH:15
BRDA:25,0,0,8
BRDA:25,0,1,7
BRDA:41,1,0,5
BRDA:41,1,1,5
BRF:4
BRH:4
end_of_record
